-- The C compiler identification is GNU 13.3.0
-- The CXX compiler identification is GNU 13.3.0
-- Detecting C compiler ABI info
-- Detecting C compiler ABI info - done
-- Check for working C compiler: /usr/bin/cc - skipped
-- Detecting C compile features
-- Detecting C compile features - done
-- Detecting CXX compiler ABI info
-- Detecting CXX compiler ABI info - done
-- Check for working CXX compiler: /usr/bin/c++ - skipped
-- Detecting CXX compile features
-- Detecting CXX compile features - done
-- Found ament_cmake: 2.5.4 (/opt/ros/jazzy/share/ament_cmake/cmake)
-- Found Python3: /usr/bin/python3 (found version "3.12.3") found components: Interpreter 
-- Found rosidl_default_generators: 1.6.0 (/opt/ros/jazzy/share/rosidl_default_generators/cmake)
-- Using all available rosidl_typesupport_c: rosidl_typesupport_fastrtps_c;rosidl_typesupport_introspection_c
-- Using all available rosidl_typesupport_cpp: rosidl_typesupport_fastrtps_cpp;rosidl_typesupport_introspection_cpp
-- Found rosidl_adapter: 4.6.6 (/opt/ros/jazzy/share/rosidl_adapter/cmake)
-- Found geometry_msgs: 5.3.6 (/opt/ros/jazzy/share/geometry_msgs/cmake)
-- Found ament_cmake_ros: 0.12.0 (/opt/ros/jazzy/share/ament_cmake_ros/cmake)
-- Using all available rosidl_typesupport_c: rosidl_typesupport_fastrtps_c;rosidl_typesupport_introspection_c
-- Using all available rosidl_typesupport_cpp: rosidl_typesupport_fastrtps_cpp;rosidl_typesupport_introspection_cpp
-- Found python_cmake_module: 0.11.1 (/opt/ros/jazzy/share/python_cmake_module/cmake)
-- Found PythonExtra: /usr/bin/python3  
-- Found Python3: /usr/bin/python3 (found version "3.12.3") found components: Interpreter Development NumPy Development.Module Development.Embed 
-- Found ament_lint_auto: 0.17.3 (/opt/ros/jazzy/share/ament_lint_auto/cmake)
-- Added test 'lint_cmake' to check CMake code style
-- Added test 'xmllint' to check XML markup files
-- Configuring done (2.7s)
-- Generating done (0.2s)
-- Build files have been written to: /root/sword-weilding-robot/src/build/duel_msgs
[  2%] [34m[1mGenerating type hashes for ROS interfaces[0m
[  2%] Built target ament_cmake_python_copy_duel_msgs
running egg_info
creating duel_msgs.egg-info
writing duel_msgs.egg-info/PKG-INFO
writing dependency_links to duel_msgs.egg-info/dependency_links.txt
writing top-level names to duel_msgs.egg-info/top_level.txt
writing manifest file 'duel_msgs.egg-info/SOURCES.txt'
[  2%] Built target duel_msgs__rosidl_generator_type_description
[  5%] [34m[1mGenerating C code for ROS interfaces[0m
reading manifest file 'duel_msgs.egg-info/SOURCES.txt'
writing manifest file 'duel_msgs.egg-info/SOURCES.txt'
[  8%] [34m[1mGenerating C++ code for ROS interfaces[0m
[  8%] Built target ament_cmake_python_build_duel_msgs_egg
[  8%] Built target duel_msgs__cpp
[ 17%] [32mBuilding C object CMakeFiles/duel_msgs__rosidl_generator_c.dir/rosidl_generator_c/duel_msgs/msg/detail/duel_bot_observation__type_support.c.o[0m
[ 17%] [32mBuilding C object CMakeFiles/duel_msgs__rosidl_generator_c.dir/rosidl_generator_c/duel_msgs/msg/detail/duel_bot_observation__description.c.o[0m
[ 17%] [32mBuilding C object CMakeFiles/duel_msgs__rosidl_generator_c.dir/rosidl_generator_c/duel_msgs/msg/detail/duel_bot_observation__functions.c.o[0m
[ 20%] [32m[1mLinking C shared library libduel_msgs__rosidl_generator_c.so[0m
[ 20%] Built target duel_msgs__rosidl_generator_c
[ 29%] [34m[1mGenerating C introspection for ROS interfaces[0m
[ 32%] [34m[1mGenerating C type support for eProsima Fast-RTPS[0m
[ 32%] [34m[1mGenerating C++ introspection for ROS interfaces[0m
[ 35%] [34m[1mGenerating C type support dispatch for ROS interfaces[0m
[ 35%] [34m[1mGenerating C++ type support dispatch for ROS interfaces[0m
[ 38%] [34m[1mGenerating C++ type support for eProsima Fast-RTPS[0m
[ 41%] [32mBuilding CXX object CMakeFiles/duel_msgs__rosidl_typesupport_c.dir/rosidl_typesupport_c/duel_msgs/msg/duel_bot_observation__type_support.cpp.o[0m
[ 44%] [32mBuilding CXX object CMakeFiles/duel_msgs__rosidl_typesupport_cpp.dir/rosidl_typesupport_cpp/duel_msgs/msg/duel_bot_observation__type_support.cpp.o[0m
[ 47%] [32mBuilding CXX object CMakeFiles/duel_msgs__rosidl_typesupport_fastrtps_cpp.dir/rosidl_typesupport_fastrtps_cpp/duel_msgs/msg/detail/dds_fastrtps/duel_bot_observation__type_support.cpp.o[0m
[ 52%] [32mBuilding CXX object CMakeFiles/duel_msgs__rosidl_typesupport_fastrtps_c.dir/rosidl_typesupport_fastrtps_c/duel_msgs/msg/detail/duel_bot_observation__type_support_c.cpp.o[0m
[ 52%] [32mBuilding C object CMakeFiles/duel_msgs__rosidl_typesupport_introspection_c.dir/rosidl_typesupport_introspection_c/duel_msgs/msg/detail/duel_bot_observation__type_support.c.o[0m
[ 55%] [32mBuilding CXX object CMakeFiles/duel_msgs__rosidl_typesupport_introspection_cpp.dir/rosidl_typesupport_introspection_cpp/duel_msgs/msg/detail/duel_bot_observation__type_support.cpp.o[0m
[ 58%] [32m[1mLinking CXX shared library libduel_msgs__rosidl_typesupport_c.so[0m
[ 61%] [32m[1mLinking C shared library libduel_msgs__rosidl_typesupport_introspection_c.so[0m
[ 61%] Built target duel_msgs__rosidl_typesupport_c
[ 61%] Built target duel_msgs__rosidl_typesupport_introspection_c
[ 67%] [32m[1mLinking CXX shared library libduel_msgs__rosidl_typesupport_introspection_cpp.so[0m
[ 67%] [32m[1mLinking CXX shared library libduel_msgs__rosidl_typesupport_cpp.so[0m
[ 67%] Built target duel_msgs__rosidl_typesupport_cpp
[ 70%] [32m[1mLinking CXX shared library libduel_msgs__rosidl_typesupport_fastrtps_c.so[0m
[ 73%] [32m[1mLinking CXX shared library libduel_msgs__rosidl_typesupport_fastrtps_cpp.so[0m
[ 73%] Built target duel_msgs__rosidl_typesupport_introspection_cpp
[ 73%] Built target duel_msgs__rosidl_typesupport_fastrtps_c
[ 73%] Built target duel_msgs__rosidl_typesupport_fastrtps_cpp
[ 73%] Built target duel_msgs
[ 76%] [34m[1mGenerating Python code for ROS interfaces[0m
[ 76%] Built target duel_msgs__py
[ 79%] [32mBuilding C object CMakeFiles/duel_msgs__rosidl_generator_py.dir/rosidl_generator_py/duel_msgs/msg/_duel_bot_observation_s.c.o[0m
[ 82%] [32m[1mLinking C shared library libduel_msgs__rosidl_generator_py.so[0m
[ 82%] Built target duel_msgs__rosidl_generator_py
[ 91%] [32mBuilding C object CMakeFiles/duel_msgs_s__rosidl_typesupport_c.dir/rosidl_generator_py/duel_msgs/_duel_msgs_s.ep.rosidl_typesupport_c.c.o[0m
[ 91%] [32mBuilding C object CMakeFiles/duel_msgs_s__rosidl_typesupport_introspection_c.dir/rosidl_generator_py/duel_msgs/_duel_msgs_s.ep.rosidl_typesupport_introspection_c.c.o[0m
[ 91%] [32mBuilding C object CMakeFiles/duel_msgs_s__rosidl_typesupport_fastrtps_c.dir/rosidl_generator_py/duel_msgs/_duel_msgs_s.ep.rosidl_typesupport_fastrtps_c.c.o[0m
[ 94%] [32m[1mLinking C shared module rosidl_generator_py/duel_msgs/duel_msgs_s__rosidl_typesupport_c.so[0m
[ 94%] Built target duel_msgs_s__rosidl_typesupport_c
[100%] [32m[1mLinking C shared module rosidl_generator_py/duel_msgs/duel_msgs_s__rosidl_typesupport_introspection_c.so[0m
[100%] [32m[1mLinking C shared module rosidl_generator_py/duel_msgs/duel_msgs_s__rosidl_typesupport_fastrtps_c.so[0m
[100%] Built target duel_msgs_s__rosidl_typesupport_fastrtps_c
[100%] Built target duel_msgs_s__rosidl_typesupport_introspection_c
-- Install configuration: ""
-- Installing: /root/sword-weilding-robot/src/install/duel_msgs/share/ament_index/resource_index/rosidl_interfaces/duel_msgs
-- Installing: /root/sword-weilding-robot/src/install/duel_msgs/share/duel_msgs/msg/DuelBotObservation.json
-- Installing: /root/sword-weilding-robot/src/install/duel_msgs/include/duel_msgs/duel_msgs
-- Installing: /root/sword-weilding-robot/src/install/duel_msgs/include/duel_msgs/duel_msgs/msg
-- Installing: /root/sword-weilding-robot/src/install/duel_msgs/include/duel_msgs/duel_msgs/msg/rosidl_generator_c__visibility_control.h
-- Installing: /root/sword-weilding-robot/src/install/duel_msgs/include/duel_msgs/duel_msgs/msg/detail
-- Installing: /root/sword-weilding-robot/src/install/duel_msgs/include/duel_msgs/duel_msgs/msg/detail/duel_bot_observation__functions.h
-- Installing: /root/sword-weilding-robot/src/install/duel_msgs/include/duel_msgs/duel_msgs/msg/detail/duel_bot_observation__type_support.h
-- Installing: /root/sword-weilding-robot/src/install/duel_msgs/include/duel_msgs/duel_msgs/msg/detail/duel_bot_observation__struct.h
-- Installing: /root/sword-weilding-robot/src/install/duel_msgs/include/duel_msgs/duel_msgs/msg/detail/duel_bot_observation__type_support.c
-- Installing: /root/sword-weilding-robot/src/install/duel_msgs/include/duel_msgs/duel_msgs/msg/detail/duel_bot_observation__functions.c
-- Installing: /root/sword-weilding-robot/src/install/duel_msgs/include/duel_msgs/duel_msgs/msg/detail/duel_bot_observation__description.c
-- Installing: /root/sword-weilding-robot/src/install/duel_msgs/include/duel_msgs/duel_msgs/msg/duel_bot_observation.h
-- Installing: /root/sword-weilding-robot/src/install/duel_msgs/share/duel_msgs/environment/library_path.sh
-- Installing: /root/sword-weilding-robot/src/install/duel_msgs/share/duel_msgs/environment/library_path.dsv
-- Installing: /root/sword-weilding-robot/src/install/duel_msgs/lib/libduel_msgs__rosidl_generator_c.so
-- Set non-toolchain portion of runtime path of "/root/sword-weilding-robot/src/install/duel_msgs/lib/libduel_msgs__rosidl_generator_c.so" to ""
-- Up-to-date: /root/sword-weilding-robot/src/install/duel_msgs/include/duel_msgs/duel_msgs
-- Up-to-date: /root/sword-weilding-robot/src/install/duel_msgs/include/duel_msgs/duel_msgs/msg
-- Up-to-date: /root/sword-weilding-robot/src/install/duel_msgs/include/duel_msgs/duel_msgs/msg/detail
-- Installing: /root/sword-weilding-robot/src/install/duel_msgs/include/duel_msgs/duel_msgs/msg/detail/duel_bot_observation__rosidl_typesupport_fastrtps_c.h
-- Installing: /root/sword-weilding-robot/src/install/duel_msgs/include/duel_msgs/duel_msgs/msg/rosidl_typesupport_fastrtps_c__visibility_control.h
-- Installing: /root/sword-weilding-robot/src/install/duel_msgs/lib/libduel_msgs__rosidl_typesupport_fastrtps_c.so
-- Set non-toolchain portion of runtime path of "/root/sword-weilding-robot/src/install/duel_msgs/lib/libduel_msgs__rosidl_typesupport_fastrtps_c.so" to ""
-- Up-to-date: /root/sword-weilding-robot/src/install/duel_msgs/include/duel_msgs/duel_msgs
-- Up-to-date: /root/sword-weilding-robot/src/install/duel_msgs/include/duel_msgs/duel_msgs/msg
-- Up-to-date: /root/sword-weilding-robot/src/install/duel_msgs/include/duel_msgs/duel_msgs/msg/detail
-- Installing: /root/sword-weilding-robot/src/install/duel_msgs/include/duel_msgs/duel_msgs/msg/detail/duel_bot_observation__rosidl_typesupport_introspection_c.h
-- Installing: /root/sword-weilding-robot/src/install/duel_msgs/include/duel_msgs/duel_msgs/msg/detail/duel_bot_observation__type_support.c
-- Installing: /root/sword-weilding-robot/src/install/duel_msgs/include/duel_msgs/duel_msgs/msg/rosidl_typesupport_introspection_c__visibility_control.h
-- Installing: /root/sword-weilding-robot/src/install/duel_msgs/lib/libduel_msgs__rosidl_typesupport_introspection_c.so
-- Set non-toolchain portion of runtime path of "/root/sword-weilding-robot/src/install/duel_msgs/lib/libduel_msgs__rosidl_typesupport_introspection_c.so" to ""
-- Installing: /root/sword-weilding-robot/src/install/duel_msgs/lib/libduel_msgs__rosidl_typesupport_c.so
-- Set non-toolchain portion of runtime path of "/root/sword-weilding-robot/src/install/duel_msgs/lib/libduel_msgs__rosidl_typesupport_c.so" to ""
-- Up-to-date: /root/sword-weilding-robot/src/install/duel_msgs/include/duel_msgs/duel_msgs
-- Up-to-date: /root/sword-weilding-robot/src/install/duel_msgs/include/duel_msgs/duel_msgs/msg
-- Up-to-date: /root/sword-weilding-robot/src/install/duel_msgs/include/duel_msgs/duel_msgs/msg/detail
-- Installing: /root/sword-weilding-robot/src/install/duel_msgs/include/duel_msgs/duel_msgs/msg/detail/duel_bot_observation__traits.hpp
-- Installing: /root/sword-weilding-robot/src/install/duel_msgs/include/duel_msgs/duel_msgs/msg/detail/duel_bot_observation__type_support.hpp
-- Installing: /root/sword-weilding-robot/src/install/duel_msgs/include/duel_msgs/duel_msgs/msg/detail/duel_bot_observation__struct.hpp
-- Installing: /root/sword-weilding-robot/src/install/duel_msgs/include/duel_msgs/duel_msgs/msg/detail/duel_bot_observation__builder.hpp
-- Installing: /root/sword-weilding-robot/src/install/duel_msgs/include/duel_msgs/duel_msgs/msg/rosidl_generator_cpp__visibility_control.hpp
-- Installing: /root/sword-weilding-robot/src/install/duel_msgs/include/duel_msgs/duel_msgs/msg/duel_bot_observation.hpp
-- Up-to-date: /root/sword-weilding-robot/src/install/duel_msgs/include/duel_msgs/duel_msgs
-- Up-to-date: /root/sword-weilding-robot/src/install/duel_msgs/include/duel_msgs/duel_msgs/msg
-- Installing: /root/sword-weilding-robot/src/install/duel_msgs/include/duel_msgs/duel_msgs/msg/rosidl_typesupport_fastrtps_cpp__visibility_control.h
-- Up-to-date: /root/sword-weilding-robot/src/install/duel_msgs/include/duel_msgs/duel_msgs/msg/detail
-- Installing: /root/sword-weilding-robot/src/install/duel_msgs/include/duel_msgs/duel_msgs/msg/detail/duel_bot_observation__rosidl_typesupport_fastrtps_cpp.hpp
-- Installing: /root/sword-weilding-robot/src/install/duel_msgs/include/duel_msgs/duel_msgs/msg/detail/dds_fastrtps
-- Installing: /root/sword-weilding-robot/src/install/duel_msgs/lib/libduel_msgs__rosidl_typesupport_fastrtps_cpp.so
-- Set non-toolchain portion of runtime path of "/root/sword-weilding-robot/src/install/duel_msgs/lib/libduel_msgs__rosidl_typesupport_fastrtps_cpp.so" to ""
-- Up-to-date: /root/sword-weilding-robot/src/install/duel_msgs/include/duel_msgs/duel_msgs
-- Up-to-date: /root/sword-weilding-robot/src/install/duel_msgs/include/duel_msgs/duel_msgs/msg
-- Up-to-date: /root/sword-weilding-robot/src/install/duel_msgs/include/duel_msgs/duel_msgs/msg/detail
-- Installing: /root/sword-weilding-robot/src/install/duel_msgs/include/duel_msgs/duel_msgs/msg/detail/duel_bot_observation__rosidl_typesupport_introspection_cpp.hpp
-- Installing: /root/sword-weilding-robot/src/install/duel_msgs/include/duel_msgs/duel_msgs/msg/detail/duel_bot_observation__type_support.cpp
-- Installing: /root/sword-weilding-robot/src/install/duel_msgs/lib/libduel_msgs__rosidl_typesupport_introspection_cpp.so
-- Set non-toolchain portion of runtime path of "/root/sword-weilding-robot/src/install/duel_msgs/lib/libduel_msgs__rosidl_typesupport_introspection_cpp.so" to ""
-- Installing: /root/sword-weilding-robot/src/install/duel_msgs/lib/libduel_msgs__rosidl_typesupport_cpp.so
-- Set non-toolchain portion of runtime path of "/root/sword-weilding-robot/src/install/duel_msgs/lib/libduel_msgs__rosidl_typesupport_cpp.so" to ""
-- Installing: /root/sword-weilding-robot/src/install/duel_msgs/share/duel_msgs/environment/pythonpath.sh
-- Installing: /root/sword-weilding-robot/src/install/duel_msgs/share/duel_msgs/environment/pythonpath.dsv
-- Installing: /root/sword-weilding-robot/src/install/duel_msgs/lib/python3.12/site-packages/duel_msgs-0.0.0-py3.12.egg-info
-- Installing: /root/sword-weilding-robot/src/install/duel_msgs/lib/python3.12/site-packages/duel_msgs-0.0.0-py3.12.egg-info/PKG-INFO
-- Installing: /root/sword-weilding-robot/src/install/duel_msgs/lib/python3.12/site-packages/duel_msgs-0.0.0-py3.12.egg-info/SOURCES.txt
-- Installing: /root/sword-weilding-robot/src/install/duel_msgs/lib/python3.12/site-packages/duel_msgs-0.0.0-py3.12.egg-info/top_level.txt
-- Installing: /root/sword-weilding-robot/src/install/duel_msgs/lib/python3.12/site-packages/duel_msgs-0.0.0-py3.12.egg-info/dependency_links.txt
-- Installing: /root/sword-weilding-robot/src/install/duel_msgs/lib/python3.12/site-packages/duel_msgs
-- Installing: /root/sword-weilding-robot/src/install/duel_msgs/lib/python3.12/site-packages/duel_msgs/duel_msgs_s__rosidl_typesupport_c.so
-- Installing: /root/sword-weilding-robot/src/install/duel_msgs/lib/python3.12/site-packages/duel_msgs/msg
-- Installing: /root/sword-weilding-robot/src/install/duel_msgs/lib/python3.12/site-packages/duel_msgs/msg/_duel_bot_observation_s.c
-- Installing: /root/sword-weilding-robot/src/install/duel_msgs/lib/python3.12/site-packages/duel_msgs/msg/__init__.py
-- Installing: /root/sword-weilding-robot/src/install/duel_msgs/lib/python3.12/site-packages/duel_msgs/msg/_duel_bot_observation.py
-- Installing: /root/sword-weilding-robot/src/install/duel_msgs/lib/python3.12/site-packages/duel_msgs/_duel_msgs_s.ep.rosidl_typesupport_c.c
-- Installing: /root/sword-weilding-robot/src/install/duel_msgs/lib/python3.12/site-packages/duel_msgs/__init__.py
-- Installing: /root/sword-weilding-robot/src/install/duel_msgs/lib/python3.12/site-packages/duel_msgs/_duel_msgs_s.ep.rosidl_typesupport_fastrtps_c.c
-- Installing: /root/sword-weilding-robot/src/install/duel_msgs/lib/python3.12/site-packages/duel_msgs/duel_msgs_s__rosidl_typesupport_introspection_c.so
-- Installing: /root/sword-weilding-robot/src/install/duel_msgs/lib/python3.12/site-packages/duel_msgs/duel_msgs_s__rosidl_typesupport_fastrtps_c.so
-- Installing: /root/sword-weilding-robot/src/install/duel_msgs/lib/python3.12/site-packages/duel_msgs/_duel_msgs_s.ep.rosidl_typesupport_introspection_c.c
Listing '/root/sword-weilding-robot/src/install/duel_msgs/lib/python3.12/site-packages/duel_msgs'...
Compiling '/root/sword-weilding-robot/src/install/duel_msgs/lib/python3.12/site-packages/duel_msgs/__init__.py'...
Listing '/root/sword-weilding-robot/src/install/duel_msgs/lib/python3.12/site-packages/duel_msgs/msg'...
Compiling '/root/sword-weilding-robot/src/install/duel_msgs/lib/python3.12/site-packages/duel_msgs/msg/__init__.py'...
Compiling '/root/sword-weilding-robot/src/install/duel_msgs/lib/python3.12/site-packages/duel_msgs/msg/_duel_bot_observation.py'...
-- Installing: /root/sword-weilding-robot/src/install/duel_msgs/lib/python3.12/site-packages/duel_msgs/duel_msgs_s__rosidl_typesupport_fastrtps_c.so
-- Set non-toolchain portion of runtime path of "/root/sword-weilding-robot/src/install/duel_msgs/lib/python3.12/site-packages/duel_msgs/duel_msgs_s__rosidl_typesupport_fastrtps_c.so" to ""
-- Installing: /root/sword-weilding-robot/src/install/duel_msgs/lib/python3.12/site-packages/duel_msgs/duel_msgs_s__rosidl_typesupport_introspection_c.so
-- Set non-toolchain portion of runtime path of "/root/sword-weilding-robot/src/install/duel_msgs/lib/python3.12/site-packages/duel_msgs/duel_msgs_s__rosidl_typesupport_introspection_c.so" to ""
-- Installing: /root/sword-weilding-robot/src/install/duel_msgs/lib/python3.12/site-packages/duel_msgs/duel_msgs_s__rosidl_typesupport_c.so
-- Set non-toolchain portion of runtime path of "/root/sword-weilding-robot/src/install/duel_msgs/lib/python3.12/site-packages/duel_msgs/duel_msgs_s__rosidl_typesupport_c.so" to ""
-- Installing: /root/sword-weilding-robot/src/install/duel_msgs/lib/libduel_msgs__rosidl_generator_py.so
-- Set non-toolchain portion of runtime path of "/root/sword-weilding-robot/src/install/duel_msgs/lib/libduel_msgs__rosidl_generator_py.so" to ""
-- Installing: /root/sword-weilding-robot/src/install/duel_msgs/share/duel_msgs/msg/DuelBotObservation.idl
-- Installing: /root/sword-weilding-robot/src/install/duel_msgs/share/duel_msgs/msg/DuelBotObservation.msg
-- Installing: /root/sword-weilding-robot/src/install/duel_msgs/share/ament_index/resource_index/package_run_dependencies/duel_msgs
-- Installing: /root/sword-weilding-robot/src/install/duel_msgs/share/ament_index/resource_index/parent_prefix_path/duel_msgs
-- Installing: /root/sword-weilding-robot/src/install/duel_msgs/share/duel_msgs/environment/ament_prefix_path.sh
-- Installing: /root/sword-weilding-robot/src/install/duel_msgs/share/duel_msgs/environment/ament_prefix_path.dsv
-- Installing: /root/sword-weilding-robot/src/install/duel_msgs/share/duel_msgs/environment/path.sh
-- Installing: /root/sword-weilding-robot/src/install/duel_msgs/share/duel_msgs/environment/path.dsv
-- Installing: /root/sword-weilding-robot/src/install/duel_msgs/share/duel_msgs/local_setup.bash
-- Installing: /root/sword-weilding-robot/src/install/duel_msgs/share/duel_msgs/local_setup.sh
-- Installing: /root/sword-weilding-robot/src/install/duel_msgs/share/duel_msgs/local_setup.zsh
-- Installing: /root/sword-weilding-robot/src/install/duel_msgs/share/duel_msgs/local_setup.dsv
-- Installing: /root/sword-weilding-robot/src/install/duel_msgs/share/duel_msgs/package.dsv
-- Installing: /root/sword-weilding-robot/src/install/duel_msgs/share/ament_index/resource_index/packages/duel_msgs
-- Installing: /root/sword-weilding-robot/src/install/duel_msgs/share/duel_msgs/cmake/export_duel_msgs__rosidl_generator_cExport.cmake
-- Installing: /root/sword-weilding-robot/src/install/duel_msgs/share/duel_msgs/cmake/export_duel_msgs__rosidl_generator_cExport-noconfig.cmake
-- Installing: /root/sword-weilding-robot/src/install/duel_msgs/share/duel_msgs/cmake/export_duel_msgs__rosidl_typesupport_fastrtps_cExport.cmake
-- Installing: /root/sword-weilding-robot/src/install/duel_msgs/share/duel_msgs/cmake/export_duel_msgs__rosidl_typesupport_fastrtps_cExport-noconfig.cmake
-- Installing: /root/sword-weilding-robot/src/install/duel_msgs/share/duel_msgs/cmake/duel_msgs__rosidl_typesupport_introspection_cExport.cmake
-- Installing: /root/sword-weilding-robot/src/install/duel_msgs/share/duel_msgs/cmake/duel_msgs__rosidl_typesupport_introspection_cExport-noconfig.cmake
-- Installing: /root/sword-weilding-robot/src/install/duel_msgs/share/duel_msgs/cmake/duel_msgs__rosidl_typesupport_cExport.cmake
-- Installing: /root/sword-weilding-robot/src/install/duel_msgs/share/duel_msgs/cmake/duel_msgs__rosidl_typesupport_cExport-noconfig.cmake
-- Installing: /root/sword-weilding-robot/src/install/duel_msgs/share/duel_msgs/cmake/export_duel_msgs__rosidl_generator_cppExport.cmake
-- Installing: /root/sword-weilding-robot/src/install/duel_msgs/share/duel_msgs/cmake/export_duel_msgs__rosidl_typesupport_fastrtps_cppExport.cmake
-- Installing: /root/sword-weilding-robot/src/install/duel_msgs/share/duel_msgs/cmake/export_duel_msgs__rosidl_typesupport_fastrtps_cppExport-noconfig.cmake
-- Installing: /root/sword-weilding-robot/src/install/duel_msgs/share/duel_msgs/cmake/duel_msgs__rosidl_typesupport_introspection_cppExport.cmake
-- Installing: /root/sword-weilding-robot/src/install/duel_msgs/share/duel_msgs/cmake/duel_msgs__rosidl_typesupport_introspection_cppExport-noconfig.cmake
-- Installing: /root/sword-weilding-robot/src/install/duel_msgs/share/duel_msgs/cmake/duel_msgs__rosidl_typesupport_cppExport.cmake
-- Installing: /root/sword-weilding-robot/src/install/duel_msgs/share/duel_msgs/cmake/duel_msgs__rosidl_typesupport_cppExport-noconfig.cmake
-- Installing: /root/sword-weilding-robot/src/install/duel_msgs/share/duel_msgs/cmake/export_duel_msgs__rosidl_generator_pyExport.cmake
-- Installing: /root/sword-weilding-robot/src/install/duel_msgs/share/duel_msgs/cmake/export_duel_msgs__rosidl_generator_pyExport-noconfig.cmake
-- Installing: /root/sword-weilding-robot/src/install/duel_msgs/share/duel_msgs/cmake/rosidl_cmake-extras.cmake
-- Installing: /root/sword-weilding-robot/src/install/duel_msgs/share/duel_msgs/cmake/ament_cmake_export_dependencies-extras.cmake
-- Installing: /root/sword-weilding-robot/src/install/duel_msgs/share/duel_msgs/cmake/ament_cmake_export_include_directories-extras.cmake
-- Installing: /root/sword-weilding-robot/src/install/duel_msgs/share/duel_msgs/cmake/ament_cmake_export_libraries-extras.cmake
-- Installing: /root/sword-weilding-robot/src/install/duel_msgs/share/duel_msgs/cmake/ament_cmake_export_targets-extras.cmake
-- Installing: /root/sword-weilding-robot/src/install/duel_msgs/share/duel_msgs/cmake/rosidl_cmake_export_typesupport_targets-extras.cmake
-- Installing: /root/sword-weilding-robot/src/install/duel_msgs/share/duel_msgs/cmake/rosidl_cmake_export_typesupport_libraries-extras.cmake
-- Installing: /root/sword-weilding-robot/src/install/duel_msgs/share/duel_msgs/cmake/duel_msgsConfig.cmake
-- Installing: /root/sword-weilding-robot/src/install/duel_msgs/share/duel_msgs/cmake/duel_msgsConfig-version.cmake
-- Installing: /root/sword-weilding-robot/src/install/duel_msgs/share/duel_msgs/package.xml
