[0.016s] Invoking command in '/root/sword-weilding-robot/src/build/duel_msgs': CMAKE_PREFIX_PATH=/root/sword-weilding-robot/install/ros_tcp_endpoint:/opt/ros/jazzy /usr/bin/cmake /root/sword-weilding-robot/src/duel_msgs -DCMAKE_INSTALL_PREFIX=/root/sword-weilding-robot/src/install/duel_msgs
[0.187s] -- The C compiler identification is GNU 13.3.0
[0.324s] -- The CXX compiler identification is GNU 13.3.0
[0.340s] -- Detecting C compiler ABI info
[0.440s] -- Detecting C compiler ABI info - done
[0.456s] -- Check for working C compiler: /usr/bin/cc - skipped
[0.456s] -- Detecting C compile features
[0.457s] -- Detecting C compile features - done
[0.465s] -- Detecting CXX compiler ABI info
[0.572s] -- Detecting CXX compiler ABI info - done
[0.586s] -- Check for working CXX compiler: /usr/bin/c++ - skipped
[0.587s] -- Detecting CXX compile features
[0.587s] -- Detecting CXX compile features - done
[0.605s] -- Found ament_cmake: 2.5.4 (/opt/ros/jazzy/share/ament_cmake/cmake)
[0.721s] -- Found Python3: /usr/bin/python3 (found version "3.12.3") found components: Interpreter 
[0.830s] -- Found rosidl_default_generators: 1.6.0 (/opt/ros/jazzy/share/rosidl_default_generators/cmake)
[0.842s] -- Using all available rosidl_typesupport_c: rosidl_typesupport_fastrtps_c;rosidl_typesupport_introspection_c
[0.904s] -- Using all available rosidl_typesupport_cpp: rosidl_typesupport_fastrtps_cpp;rosidl_typesupport_introspection_cpp
[0.953s] -- Found rosidl_adapter: 4.6.6 (/opt/ros/jazzy/share/rosidl_adapter/cmake)
[0.957s] -- Found geometry_msgs: 5.3.6 (/opt/ros/jazzy/share/geometry_msgs/cmake)
[1.403s] -- Found ament_cmake_ros: 0.12.0 (/opt/ros/jazzy/share/ament_cmake_ros/cmake)
[1.743s] -- Using all available rosidl_typesupport_c: rosidl_typesupport_fastrtps_c;rosidl_typesupport_introspection_c
[2.182s] -- Using all available rosidl_typesupport_cpp: rosidl_typesupport_fastrtps_cpp;rosidl_typesupport_introspection_cpp
[2.186s] -- Found python_cmake_module: 0.11.1 (/opt/ros/jazzy/share/python_cmake_module/cmake)
[2.245s] -- Found PythonExtra: /usr/bin/python3  
[2.569s] -- Found Python3: /usr/bin/python3 (found version "3.12.3") found components: Interpreter Development NumPy Development.Module Development.Embed 
[2.638s] -- Found ament_lint_auto: 0.17.3 (/opt/ros/jazzy/share/ament_lint_auto/cmake)
[2.697s] -- Added test 'lint_cmake' to check CMake code style
[2.707s] -- Added test 'xmllint' to check XML markup files
[2.728s] -- Configuring done (2.7s)
[2.922s] -- Generating done (0.2s)
[2.970s] -- Build files have been written to: /root/sword-weilding-robot/src/build/duel_msgs
[2.977s] Invoked command in '/root/sword-weilding-robot/src/build/duel_msgs' returned '0': CMAKE_PREFIX_PATH=/root/sword-weilding-robot/install/ros_tcp_endpoint:/opt/ros/jazzy /usr/bin/cmake /root/sword-weilding-robot/src/duel_msgs -DCMAKE_INSTALL_PREFIX=/root/sword-weilding-robot/src/install/duel_msgs
[2.983s] Invoking command in '/root/sword-weilding-robot/src/build/duel_msgs': CMAKE_PREFIX_PATH=/root/sword-weilding-robot/install/ros_tcp_endpoint:/opt/ros/jazzy /usr/bin/cmake --build /root/sword-weilding-robot/src/build/duel_msgs -- -j8 -l8
[3.028s] [  2%] [34m[1mGenerating type hashes for ROS interfaces[0m
[3.035s] [  2%] Built target ament_cmake_python_copy_duel_msgs
[3.356s] running egg_info
[3.360s] creating duel_msgs.egg-info
[3.372s] writing duel_msgs.egg-info/PKG-INFO
[3.374s] writing dependency_links to duel_msgs.egg-info/dependency_links.txt
[3.384s] writing top-level names to duel_msgs.egg-info/top_level.txt
[3.387s] writing manifest file 'duel_msgs.egg-info/SOURCES.txt'
[3.398s] [  2%] Built target duel_msgs__rosidl_generator_type_description
[3.415s] [  5%] [34m[1mGenerating C code for ROS interfaces[0m
[3.426s] reading manifest file 'duel_msgs.egg-info/SOURCES.txt'
[3.431s] writing manifest file 'duel_msgs.egg-info/SOURCES.txt'
[3.436s] [  8%] [34m[1mGenerating C++ code for ROS interfaces[0m
[3.510s] [  8%] Built target ament_cmake_python_build_duel_msgs_egg
[3.777s] [  8%] Built target duel_msgs__cpp
[3.825s] [ 17%] [32mBuilding C object CMakeFiles/duel_msgs__rosidl_generator_c.dir/rosidl_generator_c/duel_msgs/msg/detail/duel_bot_observation__type_support.c.o[0m
[3.834s] [ 17%] [32mBuilding C object CMakeFiles/duel_msgs__rosidl_generator_c.dir/rosidl_generator_c/duel_msgs/msg/detail/duel_bot_observation__description.c.o[0m
[3.844s] [ 17%] [32mBuilding C object CMakeFiles/duel_msgs__rosidl_generator_c.dir/rosidl_generator_c/duel_msgs/msg/detail/duel_bot_observation__functions.c.o[0m
[4.073s] [ 20%] [32m[1mLinking C shared library libduel_msgs__rosidl_generator_c.so[0m
[4.165s] [ 20%] Built target duel_msgs__rosidl_generator_c
[4.189s] [ 29%] [34m[1mGenerating C introspection for ROS interfaces[0m
[4.198s] [ 32%] [34m[1mGenerating C type support for eProsima Fast-RTPS[0m
[4.202s] [ 32%] [34m[1mGenerating C++ introspection for ROS interfaces[0m
[4.204s] [ 35%] [34m[1mGenerating C type support dispatch for ROS interfaces[0m
[4.204s] [ 35%] [34m[1mGenerating C++ type support dispatch for ROS interfaces[0m
[4.208s] [ 38%] [34m[1mGenerating C++ type support for eProsima Fast-RTPS[0m
[4.443s] [ 41%] [32mBuilding CXX object CMakeFiles/duel_msgs__rosidl_typesupport_c.dir/rosidl_typesupport_c/duel_msgs/msg/duel_bot_observation__type_support.cpp.o[0m
[4.453s] [ 44%] [32mBuilding CXX object CMakeFiles/duel_msgs__rosidl_typesupport_cpp.dir/rosidl_typesupport_cpp/duel_msgs/msg/duel_bot_observation__type_support.cpp.o[0m
[4.489s] [ 47%] [32mBuilding CXX object CMakeFiles/duel_msgs__rosidl_typesupport_fastrtps_cpp.dir/rosidl_typesupport_fastrtps_cpp/duel_msgs/msg/detail/dds_fastrtps/duel_bot_observation__type_support.cpp.o[0m
[4.505s] [ 52%] [32mBuilding CXX object CMakeFiles/duel_msgs__rosidl_typesupport_fastrtps_c.dir/rosidl_typesupport_fastrtps_c/duel_msgs/msg/detail/duel_bot_observation__type_support_c.cpp.o[0m
[4.506s] [ 52%] [32mBuilding C object CMakeFiles/duel_msgs__rosidl_typesupport_introspection_c.dir/rosidl_typesupport_introspection_c/duel_msgs/msg/detail/duel_bot_observation__type_support.c.o[0m
[4.521s] [ 55%] [32mBuilding CXX object CMakeFiles/duel_msgs__rosidl_typesupport_introspection_cpp.dir/rosidl_typesupport_introspection_cpp/duel_msgs/msg/detail/duel_bot_observation__type_support.cpp.o[0m
[4.648s] [ 58%] [32m[1mLinking CXX shared library libduel_msgs__rosidl_typesupport_c.so[0m
[4.709s] [ 61%] [32m[1mLinking C shared library libduel_msgs__rosidl_typesupport_introspection_c.so[0m
[4.777s] [ 61%] Built target duel_msgs__rosidl_typesupport_c
[4.793s] [ 61%] Built target duel_msgs__rosidl_typesupport_introspection_c
[5.232s] [ 67%] [32m[1mLinking CXX shared library libduel_msgs__rosidl_typesupport_introspection_cpp.so[0m
[5.234s] [ 67%] [32m[1mLinking CXX shared library libduel_msgs__rosidl_typesupport_cpp.so[0m
[5.362s] [ 67%] Built target duel_msgs__rosidl_typesupport_cpp
[5.374s] [ 70%] [32m[1mLinking CXX shared library libduel_msgs__rosidl_typesupport_fastrtps_c.so[0m
[5.387s] [ 73%] [32m[1mLinking CXX shared library libduel_msgs__rosidl_typesupport_fastrtps_cpp.so[0m
[5.391s] [ 73%] Built target duel_msgs__rosidl_typesupport_introspection_cpp
[5.441s] [ 73%] Built target duel_msgs__rosidl_typesupport_fastrtps_c
[5.457s] [ 73%] Built target duel_msgs__rosidl_typesupport_fastrtps_cpp
[5.475s] [ 73%] Built target duel_msgs
[5.489s] [ 76%] [34m[1mGenerating Python code for ROS interfaces[0m
[5.707s] [ 76%] Built target duel_msgs__py
[5.722s] [ 79%] [32mBuilding C object CMakeFiles/duel_msgs__rosidl_generator_py.dir/rosidl_generator_py/duel_msgs/msg/_duel_bot_observation_s.c.o[0m
[5.840s] [ 82%] [32m[1mLinking C shared library libduel_msgs__rosidl_generator_py.so[0m
[5.871s] [ 82%] Built target duel_msgs__rosidl_generator_py
[5.894s] [ 91%] [32mBuilding C object CMakeFiles/duel_msgs_s__rosidl_typesupport_c.dir/rosidl_generator_py/duel_msgs/_duel_msgs_s.ep.rosidl_typesupport_c.c.o[0m
[5.895s] [ 91%] [32mBuilding C object CMakeFiles/duel_msgs_s__rosidl_typesupport_introspection_c.dir/rosidl_generator_py/duel_msgs/_duel_msgs_s.ep.rosidl_typesupport_introspection_c.c.o[0m
[5.895s] [ 91%] [32mBuilding C object CMakeFiles/duel_msgs_s__rosidl_typesupport_fastrtps_c.dir/rosidl_generator_py/duel_msgs/_duel_msgs_s.ep.rosidl_typesupport_fastrtps_c.c.o[0m
[5.989s] [ 94%] [32m[1mLinking C shared module rosidl_generator_py/duel_msgs/duel_msgs_s__rosidl_typesupport_c.so[0m
[6.016s] [ 94%] Built target duel_msgs_s__rosidl_typesupport_c
[6.022s] [100%] [32m[1mLinking C shared module rosidl_generator_py/duel_msgs/duel_msgs_s__rosidl_typesupport_introspection_c.so[0m
[6.023s] [100%] [32m[1mLinking C shared module rosidl_generator_py/duel_msgs/duel_msgs_s__rosidl_typesupport_fastrtps_c.so[0m
[6.048s] [100%] Built target duel_msgs_s__rosidl_typesupport_fastrtps_c
[6.055s] [100%] Built target duel_msgs_s__rosidl_typesupport_introspection_c
[6.078s] Invoked command in '/root/sword-weilding-robot/src/build/duel_msgs' returned '0': CMAKE_PREFIX_PATH=/root/sword-weilding-robot/install/ros_tcp_endpoint:/opt/ros/jazzy /usr/bin/cmake --build /root/sword-weilding-robot/src/build/duel_msgs -- -j8 -l8
[6.089s] Invoking command in '/root/sword-weilding-robot/src/build/duel_msgs': CMAKE_PREFIX_PATH=/root/sword-weilding-robot/install/ros_tcp_endpoint:/opt/ros/jazzy /usr/bin/cmake --install /root/sword-weilding-robot/src/build/duel_msgs
[6.094s] -- Install configuration: ""
[6.096s] -- Installing: /root/sword-weilding-robot/src/install/duel_msgs/share/ament_index/resource_index/rosidl_interfaces/duel_msgs
[6.098s] -- Installing: /root/sword-weilding-robot/src/install/duel_msgs/share/duel_msgs/msg/DuelBotObservation.json
[6.100s] -- Installing: /root/sword-weilding-robot/src/install/duel_msgs/include/duel_msgs/duel_msgs
[6.101s] -- Installing: /root/sword-weilding-robot/src/install/duel_msgs/include/duel_msgs/duel_msgs/msg
[6.102s] -- Installing: /root/sword-weilding-robot/src/install/duel_msgs/include/duel_msgs/duel_msgs/msg/rosidl_generator_c__visibility_control.h
[6.104s] -- Installing: /root/sword-weilding-robot/src/install/duel_msgs/include/duel_msgs/duel_msgs/msg/detail
[6.106s] -- Installing: /root/sword-weilding-robot/src/install/duel_msgs/include/duel_msgs/duel_msgs/msg/detail/duel_bot_observation__functions.h
[6.108s] -- Installing: /root/sword-weilding-robot/src/install/duel_msgs/include/duel_msgs/duel_msgs/msg/detail/duel_bot_observation__type_support.h
[6.110s] -- Installing: /root/sword-weilding-robot/src/install/duel_msgs/include/duel_msgs/duel_msgs/msg/detail/duel_bot_observation__struct.h
[6.112s] -- Installing: /root/sword-weilding-robot/src/install/duel_msgs/include/duel_msgs/duel_msgs/msg/detail/duel_bot_observation__type_support.c
[6.114s] -- Installing: /root/sword-weilding-robot/src/install/duel_msgs/include/duel_msgs/duel_msgs/msg/detail/duel_bot_observation__functions.c
[6.116s] -- Installing: /root/sword-weilding-robot/src/install/duel_msgs/include/duel_msgs/duel_msgs/msg/detail/duel_bot_observation__description.c
[6.120s] -- Installing: /root/sword-weilding-robot/src/install/duel_msgs/include/duel_msgs/duel_msgs/msg/duel_bot_observation.h
[6.124s] -- Installing: /root/sword-weilding-robot/src/install/duel_msgs/share/duel_msgs/environment/library_path.sh
[6.125s] -- Installing: /root/sword-weilding-robot/src/install/duel_msgs/share/duel_msgs/environment/library_path.dsv
[6.128s] -- Installing: /root/sword-weilding-robot/src/install/duel_msgs/lib/libduel_msgs__rosidl_generator_c.so
[6.130s] -- Set non-toolchain portion of runtime path of "/root/sword-weilding-robot/src/install/duel_msgs/lib/libduel_msgs__rosidl_generator_c.so" to ""
[6.131s] -- Up-to-date: /root/sword-weilding-robot/src/install/duel_msgs/include/duel_msgs/duel_msgs
[6.131s] -- Up-to-date: /root/sword-weilding-robot/src/install/duel_msgs/include/duel_msgs/duel_msgs/msg
[6.131s] -- Up-to-date: /root/sword-weilding-robot/src/install/duel_msgs/include/duel_msgs/duel_msgs/msg/detail
[6.132s] -- Installing: /root/sword-weilding-robot/src/install/duel_msgs/include/duel_msgs/duel_msgs/msg/detail/duel_bot_observation__rosidl_typesupport_fastrtps_c.h
[6.133s] -- Installing: /root/sword-weilding-robot/src/install/duel_msgs/include/duel_msgs/duel_msgs/msg/rosidl_typesupport_fastrtps_c__visibility_control.h
[6.135s] -- Installing: /root/sword-weilding-robot/src/install/duel_msgs/lib/libduel_msgs__rosidl_typesupport_fastrtps_c.so
[6.138s] -- Set non-toolchain portion of runtime path of "/root/sword-weilding-robot/src/install/duel_msgs/lib/libduel_msgs__rosidl_typesupport_fastrtps_c.so" to ""
[6.138s] -- Up-to-date: /root/sword-weilding-robot/src/install/duel_msgs/include/duel_msgs/duel_msgs
[6.139s] -- Up-to-date: /root/sword-weilding-robot/src/install/duel_msgs/include/duel_msgs/duel_msgs/msg
[6.139s] -- Up-to-date: /root/sword-weilding-robot/src/install/duel_msgs/include/duel_msgs/duel_msgs/msg/detail
[6.140s] -- Installing: /root/sword-weilding-robot/src/install/duel_msgs/include/duel_msgs/duel_msgs/msg/detail/duel_bot_observation__rosidl_typesupport_introspection_c.h
[6.141s] -- Installing: /root/sword-weilding-robot/src/install/duel_msgs/include/duel_msgs/duel_msgs/msg/detail/duel_bot_observation__type_support.c
[6.143s] -- Installing: /root/sword-weilding-robot/src/install/duel_msgs/include/duel_msgs/duel_msgs/msg/rosidl_typesupport_introspection_c__visibility_control.h
[6.145s] -- Installing: /root/sword-weilding-robot/src/install/duel_msgs/lib/libduel_msgs__rosidl_typesupport_introspection_c.so
[6.148s] -- Set non-toolchain portion of runtime path of "/root/sword-weilding-robot/src/install/duel_msgs/lib/libduel_msgs__rosidl_typesupport_introspection_c.so" to ""
[6.148s] -- Installing: /root/sword-weilding-robot/src/install/duel_msgs/lib/libduel_msgs__rosidl_typesupport_c.so
[6.152s] -- Set non-toolchain portion of runtime path of "/root/sword-weilding-robot/src/install/duel_msgs/lib/libduel_msgs__rosidl_typesupport_c.so" to ""
[6.153s] -- Up-to-date: /root/sword-weilding-robot/src/install/duel_msgs/include/duel_msgs/duel_msgs
[6.153s] -- Up-to-date: /root/sword-weilding-robot/src/install/duel_msgs/include/duel_msgs/duel_msgs/msg
[6.154s] -- Up-to-date: /root/sword-weilding-robot/src/install/duel_msgs/include/duel_msgs/duel_msgs/msg/detail
[6.156s] -- Installing: /root/sword-weilding-robot/src/install/duel_msgs/include/duel_msgs/duel_msgs/msg/detail/duel_bot_observation__traits.hpp
[6.159s] -- Installing: /root/sword-weilding-robot/src/install/duel_msgs/include/duel_msgs/duel_msgs/msg/detail/duel_bot_observation__type_support.hpp
[6.162s] -- Installing: /root/sword-weilding-robot/src/install/duel_msgs/include/duel_msgs/duel_msgs/msg/detail/duel_bot_observation__struct.hpp
[6.163s] -- Installing: /root/sword-weilding-robot/src/install/duel_msgs/include/duel_msgs/duel_msgs/msg/detail/duel_bot_observation__builder.hpp
[6.165s] -- Installing: /root/sword-weilding-robot/src/install/duel_msgs/include/duel_msgs/duel_msgs/msg/rosidl_generator_cpp__visibility_control.hpp
[6.167s] -- Installing: /root/sword-weilding-robot/src/install/duel_msgs/include/duel_msgs/duel_msgs/msg/duel_bot_observation.hpp
[6.168s] -- Up-to-date: /root/sword-weilding-robot/src/install/duel_msgs/include/duel_msgs/duel_msgs
[6.169s] -- Up-to-date: /root/sword-weilding-robot/src/install/duel_msgs/include/duel_msgs/duel_msgs/msg
[6.170s] -- Installing: /root/sword-weilding-robot/src/install/duel_msgs/include/duel_msgs/duel_msgs/msg/rosidl_typesupport_fastrtps_cpp__visibility_control.h
[6.171s] -- Up-to-date: /root/sword-weilding-robot/src/install/duel_msgs/include/duel_msgs/duel_msgs/msg/detail
[6.172s] -- Installing: /root/sword-weilding-robot/src/install/duel_msgs/include/duel_msgs/duel_msgs/msg/detail/duel_bot_observation__rosidl_typesupport_fastrtps_cpp.hpp
[6.173s] -- Installing: /root/sword-weilding-robot/src/install/duel_msgs/include/duel_msgs/duel_msgs/msg/detail/dds_fastrtps
[6.174s] -- Installing: /root/sword-weilding-robot/src/install/duel_msgs/lib/libduel_msgs__rosidl_typesupport_fastrtps_cpp.so
[6.177s] -- Set non-toolchain portion of runtime path of "/root/sword-weilding-robot/src/install/duel_msgs/lib/libduel_msgs__rosidl_typesupport_fastrtps_cpp.so" to ""
[6.177s] -- Up-to-date: /root/sword-weilding-robot/src/install/duel_msgs/include/duel_msgs/duel_msgs
[6.178s] -- Up-to-date: /root/sword-weilding-robot/src/install/duel_msgs/include/duel_msgs/duel_msgs/msg
[6.178s] -- Up-to-date: /root/sword-weilding-robot/src/install/duel_msgs/include/duel_msgs/duel_msgs/msg/detail
[6.179s] -- Installing: /root/sword-weilding-robot/src/install/duel_msgs/include/duel_msgs/duel_msgs/msg/detail/duel_bot_observation__rosidl_typesupport_introspection_cpp.hpp
[6.180s] -- Installing: /root/sword-weilding-robot/src/install/duel_msgs/include/duel_msgs/duel_msgs/msg/detail/duel_bot_observation__type_support.cpp
[6.182s] -- Installing: /root/sword-weilding-robot/src/install/duel_msgs/lib/libduel_msgs__rosidl_typesupport_introspection_cpp.so
[6.185s] -- Set non-toolchain portion of runtime path of "/root/sword-weilding-robot/src/install/duel_msgs/lib/libduel_msgs__rosidl_typesupport_introspection_cpp.so" to ""
[6.185s] -- Installing: /root/sword-weilding-robot/src/install/duel_msgs/lib/libduel_msgs__rosidl_typesupport_cpp.so
[6.188s] -- Set non-toolchain portion of runtime path of "/root/sword-weilding-robot/src/install/duel_msgs/lib/libduel_msgs__rosidl_typesupport_cpp.so" to ""
[6.188s] -- Installing: /root/sword-weilding-robot/src/install/duel_msgs/share/duel_msgs/environment/pythonpath.sh
[6.189s] -- Installing: /root/sword-weilding-robot/src/install/duel_msgs/share/duel_msgs/environment/pythonpath.dsv
[6.191s] -- Installing: /root/sword-weilding-robot/src/install/duel_msgs/lib/python3.12/site-packages/duel_msgs-0.0.0-py3.12.egg-info
[6.192s] -- Installing: /root/sword-weilding-robot/src/install/duel_msgs/lib/python3.12/site-packages/duel_msgs-0.0.0-py3.12.egg-info/PKG-INFO
[6.194s] -- Installing: /root/sword-weilding-robot/src/install/duel_msgs/lib/python3.12/site-packages/duel_msgs-0.0.0-py3.12.egg-info/SOURCES.txt
[6.196s] -- Installing: /root/sword-weilding-robot/src/install/duel_msgs/lib/python3.12/site-packages/duel_msgs-0.0.0-py3.12.egg-info/top_level.txt
[6.197s] -- Installing: /root/sword-weilding-robot/src/install/duel_msgs/lib/python3.12/site-packages/duel_msgs-0.0.0-py3.12.egg-info/dependency_links.txt
[6.199s] -- Installing: /root/sword-weilding-robot/src/install/duel_msgs/lib/python3.12/site-packages/duel_msgs
[6.200s] -- Installing: /root/sword-weilding-robot/src/install/duel_msgs/lib/python3.12/site-packages/duel_msgs/duel_msgs_s__rosidl_typesupport_c.so
[6.203s] -- Installing: /root/sword-weilding-robot/src/install/duel_msgs/lib/python3.12/site-packages/duel_msgs/msg
[6.205s] -- Installing: /root/sword-weilding-robot/src/install/duel_msgs/lib/python3.12/site-packages/duel_msgs/msg/_duel_bot_observation_s.c
[6.207s] -- Installing: /root/sword-weilding-robot/src/install/duel_msgs/lib/python3.12/site-packages/duel_msgs/msg/__init__.py
[6.211s] -- Installing: /root/sword-weilding-robot/src/install/duel_msgs/lib/python3.12/site-packages/duel_msgs/msg/_duel_bot_observation.py
[6.214s] -- Installing: /root/sword-weilding-robot/src/install/duel_msgs/lib/python3.12/site-packages/duel_msgs/_duel_msgs_s.ep.rosidl_typesupport_c.c
[6.216s] -- Installing: /root/sword-weilding-robot/src/install/duel_msgs/lib/python3.12/site-packages/duel_msgs/__init__.py
[6.218s] -- Installing: /root/sword-weilding-robot/src/install/duel_msgs/lib/python3.12/site-packages/duel_msgs/_duel_msgs_s.ep.rosidl_typesupport_fastrtps_c.c
[6.220s] -- Installing: /root/sword-weilding-robot/src/install/duel_msgs/lib/python3.12/site-packages/duel_msgs/duel_msgs_s__rosidl_typesupport_introspection_c.so
[6.223s] -- Installing: /root/sword-weilding-robot/src/install/duel_msgs/lib/python3.12/site-packages/duel_msgs/duel_msgs_s__rosidl_typesupport_fastrtps_c.so
[6.227s] -- Installing: /root/sword-weilding-robot/src/install/duel_msgs/lib/python3.12/site-packages/duel_msgs/_duel_msgs_s.ep.rosidl_typesupport_introspection_c.c
[6.309s] Listing '/root/sword-weilding-robot/src/install/duel_msgs/lib/python3.12/site-packages/duel_msgs'...
[6.314s] Compiling '/root/sword-weilding-robot/src/install/duel_msgs/lib/python3.12/site-packages/duel_msgs/__init__.py'...
[6.316s] Listing '/root/sword-weilding-robot/src/install/duel_msgs/lib/python3.12/site-packages/duel_msgs/msg'...
[6.317s] Compiling '/root/sword-weilding-robot/src/install/duel_msgs/lib/python3.12/site-packages/duel_msgs/msg/__init__.py'...
[6.318s] Compiling '/root/sword-weilding-robot/src/install/duel_msgs/lib/python3.12/site-packages/duel_msgs/msg/_duel_bot_observation.py'...
[6.322s] -- Installing: /root/sword-weilding-robot/src/install/duel_msgs/lib/python3.12/site-packages/duel_msgs/duel_msgs_s__rosidl_typesupport_fastrtps_c.so
[6.335s] -- Set non-toolchain portion of runtime path of "/root/sword-weilding-robot/src/install/duel_msgs/lib/python3.12/site-packages/duel_msgs/duel_msgs_s__rosidl_typesupport_fastrtps_c.so" to ""
[6.340s] -- Installing: /root/sword-weilding-robot/src/install/duel_msgs/lib/python3.12/site-packages/duel_msgs/duel_msgs_s__rosidl_typesupport_introspection_c.so
[6.356s] -- Set non-toolchain portion of runtime path of "/root/sword-weilding-robot/src/install/duel_msgs/lib/python3.12/site-packages/duel_msgs/duel_msgs_s__rosidl_typesupport_introspection_c.so" to ""
[6.359s] -- Installing: /root/sword-weilding-robot/src/install/duel_msgs/lib/python3.12/site-packages/duel_msgs/duel_msgs_s__rosidl_typesupport_c.so
[6.376s] -- Set non-toolchain portion of runtime path of "/root/sword-weilding-robot/src/install/duel_msgs/lib/python3.12/site-packages/duel_msgs/duel_msgs_s__rosidl_typesupport_c.so" to ""
[6.379s] -- Installing: /root/sword-weilding-robot/src/install/duel_msgs/lib/libduel_msgs__rosidl_generator_py.so
[6.389s] -- Set non-toolchain portion of runtime path of "/root/sword-weilding-robot/src/install/duel_msgs/lib/libduel_msgs__rosidl_generator_py.so" to ""
[6.389s] -- Installing: /root/sword-weilding-robot/src/install/duel_msgs/share/duel_msgs/msg/DuelBotObservation.idl
[6.397s] -- Installing: /root/sword-weilding-robot/src/install/duel_msgs/share/duel_msgs/msg/DuelBotObservation.msg
[6.406s] -- Installing: /root/sword-weilding-robot/src/install/duel_msgs/share/ament_index/resource_index/package_run_dependencies/duel_msgs
[6.412s] -- Installing: /root/sword-weilding-robot/src/install/duel_msgs/share/ament_index/resource_index/parent_prefix_path/duel_msgs
[6.416s] -- Installing: /root/sword-weilding-robot/src/install/duel_msgs/share/duel_msgs/environment/ament_prefix_path.sh
[6.420s] -- Installing: /root/sword-weilding-robot/src/install/duel_msgs/share/duel_msgs/environment/ament_prefix_path.dsv
[6.424s] -- Installing: /root/sword-weilding-robot/src/install/duel_msgs/share/duel_msgs/environment/path.sh
[6.427s] -- Installing: /root/sword-weilding-robot/src/install/duel_msgs/share/duel_msgs/environment/path.dsv
[6.432s] -- Installing: /root/sword-weilding-robot/src/install/duel_msgs/share/duel_msgs/local_setup.bash
[6.439s] -- Installing: /root/sword-weilding-robot/src/install/duel_msgs/share/duel_msgs/local_setup.sh
[6.444s] -- Installing: /root/sword-weilding-robot/src/install/duel_msgs/share/duel_msgs/local_setup.zsh
[6.448s] -- Installing: /root/sword-weilding-robot/src/install/duel_msgs/share/duel_msgs/local_setup.dsv
[6.452s] -- Installing: /root/sword-weilding-robot/src/install/duel_msgs/share/duel_msgs/package.dsv
[6.456s] -- Installing: /root/sword-weilding-robot/src/install/duel_msgs/share/ament_index/resource_index/packages/duel_msgs
[6.460s] -- Installing: /root/sword-weilding-robot/src/install/duel_msgs/share/duel_msgs/cmake/export_duel_msgs__rosidl_generator_cExport.cmake
[6.463s] -- Installing: /root/sword-weilding-robot/src/install/duel_msgs/share/duel_msgs/cmake/export_duel_msgs__rosidl_generator_cExport-noconfig.cmake
[6.468s] -- Installing: /root/sword-weilding-robot/src/install/duel_msgs/share/duel_msgs/cmake/export_duel_msgs__rosidl_typesupport_fastrtps_cExport.cmake
[6.472s] -- Installing: /root/sword-weilding-robot/src/install/duel_msgs/share/duel_msgs/cmake/export_duel_msgs__rosidl_typesupport_fastrtps_cExport-noconfig.cmake
[6.484s] -- Installing: /root/sword-weilding-robot/src/install/duel_msgs/share/duel_msgs/cmake/duel_msgs__rosidl_typesupport_introspection_cExport.cmake
[6.490s] -- Installing: /root/sword-weilding-robot/src/install/duel_msgs/share/duel_msgs/cmake/duel_msgs__rosidl_typesupport_introspection_cExport-noconfig.cmake
[6.497s] -- Installing: /root/sword-weilding-robot/src/install/duel_msgs/share/duel_msgs/cmake/duel_msgs__rosidl_typesupport_cExport.cmake
[6.514s] -- Installing: /root/sword-weilding-robot/src/install/duel_msgs/share/duel_msgs/cmake/duel_msgs__rosidl_typesupport_cExport-noconfig.cmake
[6.518s] -- Installing: /root/sword-weilding-robot/src/install/duel_msgs/share/duel_msgs/cmake/export_duel_msgs__rosidl_generator_cppExport.cmake
[6.522s] -- Installing: /root/sword-weilding-robot/src/install/duel_msgs/share/duel_msgs/cmake/export_duel_msgs__rosidl_typesupport_fastrtps_cppExport.cmake
[6.528s] -- Installing: /root/sword-weilding-robot/src/install/duel_msgs/share/duel_msgs/cmake/export_duel_msgs__rosidl_typesupport_fastrtps_cppExport-noconfig.cmake
[6.534s] -- Installing: /root/sword-weilding-robot/src/install/duel_msgs/share/duel_msgs/cmake/duel_msgs__rosidl_typesupport_introspection_cppExport.cmake
[6.544s] -- Installing: /root/sword-weilding-robot/src/install/duel_msgs/share/duel_msgs/cmake/duel_msgs__rosidl_typesupport_introspection_cppExport-noconfig.cmake
[6.550s] -- Installing: /root/sword-weilding-robot/src/install/duel_msgs/share/duel_msgs/cmake/duel_msgs__rosidl_typesupport_cppExport.cmake
[6.554s] -- Installing: /root/sword-weilding-robot/src/install/duel_msgs/share/duel_msgs/cmake/duel_msgs__rosidl_typesupport_cppExport-noconfig.cmake
[6.559s] -- Installing: /root/sword-weilding-robot/src/install/duel_msgs/share/duel_msgs/cmake/export_duel_msgs__rosidl_generator_pyExport.cmake
[6.566s] -- Installing: /root/sword-weilding-robot/src/install/duel_msgs/share/duel_msgs/cmake/export_duel_msgs__rosidl_generator_pyExport-noconfig.cmake
[6.571s] -- Installing: /root/sword-weilding-robot/src/install/duel_msgs/share/duel_msgs/cmake/rosidl_cmake-extras.cmake
[6.578s] -- Installing: /root/sword-weilding-robot/src/install/duel_msgs/share/duel_msgs/cmake/ament_cmake_export_dependencies-extras.cmake
[6.585s] -- Installing: /root/sword-weilding-robot/src/install/duel_msgs/share/duel_msgs/cmake/ament_cmake_export_include_directories-extras.cmake
[6.593s] -- Installing: /root/sword-weilding-robot/src/install/duel_msgs/share/duel_msgs/cmake/ament_cmake_export_libraries-extras.cmake
[6.600s] -- Installing: /root/sword-weilding-robot/src/install/duel_msgs/share/duel_msgs/cmake/ament_cmake_export_targets-extras.cmake
[6.604s] -- Installing: /root/sword-weilding-robot/src/install/duel_msgs/share/duel_msgs/cmake/rosidl_cmake_export_typesupport_targets-extras.cmake
[6.609s] -- Installing: /root/sword-weilding-robot/src/install/duel_msgs/share/duel_msgs/cmake/rosidl_cmake_export_typesupport_libraries-extras.cmake
[6.613s] -- Installing: /root/sword-weilding-robot/src/install/duel_msgs/share/duel_msgs/cmake/duel_msgsConfig.cmake
[6.616s] -- Installing: /root/sword-weilding-robot/src/install/duel_msgs/share/duel_msgs/cmake/duel_msgsConfig-version.cmake
[6.620s] -- Installing: /root/sword-weilding-robot/src/install/duel_msgs/share/duel_msgs/package.xml
[6.638s] Invoked command in '/root/sword-weilding-robot/src/build/duel_msgs' returned '0': CMAKE_PREFIX_PATH=/root/sword-weilding-robot/install/ros_tcp_endpoint:/opt/ros/jazzy /usr/bin/cmake --install /root/sword-weilding-robot/src/build/duel_msgs
